2024-07-02 20:22:54,174 - INFO - Successfully retrieved exchange rate for usd: 3420.54
2024-07-02 20:23:52,785 - INFO - Successfully retrieved exchange rate for usd: 3420.54
2024-07-02 20:25:15,438 - INFO - Successfully retrieved exchange rate for usd: 3420.54
2024-07-02 20:40:02,259 - INFO - Successfully retrieved exchange rate for usd: 3424.24
2024-07-02 20:40:13,359 - INFO - Successfully retrieved exchange rate for usd: 3424.24
2024-07-02 20:40:14,017 - INFO - Successfully retrieved exchange rate for usd: 3424.24
2024-07-02 20:40:14,376 - INFO - Successfully retrieved exchange rate for usd: 3424.24
2024-07-02 20:40:14,626 - INFO - Successfully retrieved exchange rate for usd: 3424.24
2024-07-02 20:40:14,828 - ERROR - Failed to retrieve exchange rate for usd: 429 Client Error: Too Many Requests for url: https://api.coingecko.com/api/v3/simple/price?ids=ethereum&vs_currencies=usd
2024-07-02 20:40:14,829 - INFO - Retrying in 5 seconds...
2024-07-02 20:40:22,171 - ERROR - Failed to retrieve exchange rate for usd: 429 Client Error: Too Many Requests for url: https://api.coingecko.com/api/v3/simple/price?ids=ethereum&vs_currencies=usd
2024-07-02 20:40:22,172 - INFO - Retrying in 5 seconds...
2024-07-02 20:40:27,208 - ERROR - Failed to retrieve exchange rate for usd: 429 Client Error: Too Many Requests for url: https://api.coingecko.com/api/v3/simple/price?ids=ethereum&vs_currencies=usd
2024-07-02 20:40:27,209 - INFO - Retrying in 5 seconds...
2024-07-02 20:40:32,243 - ERROR - Failed to retrieve exchange rate for usd: 429 Client Error: Too Many Requests for url: https://api.coingecko.com/api/v3/simple/price?ids=ethereum&vs_currencies=usd
2024-07-02 20:40:32,243 - INFO - Retrying in 5 seconds...
2024-07-02 20:40:37,278 - ERROR - Failed to retrieve exchange rate for usd: 429 Client Error: Too Many Requests for url: https://api.coingecko.com/api/v3/simple/price?ids=ethereum&vs_currencies=usd
2024-07-02 20:40:37,279 - INFO - Retrying in 5 seconds...
2024-07-02 20:40:42,334 - ERROR - Failed to retrieve exchange rate for usd: 429 Client Error: Too Many Requests for url: https://api.coingecko.com/api/v3/simple/price?ids=ethereum&vs_currencies=usd
2024-07-02 20:40:42,334 - INFO - Retrying in 5 seconds...
2024-07-02 20:40:47,379 - ERROR - Failed to retrieve exchange rate for usd: 429 Client Error: Too Many Requests for url: https://api.coingecko.com/api/v3/simple/price?ids=ethereum&vs_currencies=usd
2024-07-02 20:40:47,379 - INFO - Retrying in 5 seconds...
2024-07-02 20:40:52,413 - ERROR - Failed to retrieve exchange rate for usd: 429 Client Error: Too Many Requests for url: https://api.coingecko.com/api/v3/simple/price?ids=ethereum&vs_currencies=usd
2024-07-02 20:40:52,413 - INFO - Retrying in 5 seconds...
2024-07-02 20:40:57,453 - ERROR - Failed to retrieve exchange rate for usd: 429 Client Error: Too Many Requests for url: https://api.coingecko.com/api/v3/simple/price?ids=ethereum&vs_currencies=usd
2024-07-02 20:40:57,453 - INFO - Retrying in 5 seconds...
2024-07-02 20:41:02,494 - ERROR - Failed to retrieve exchange rate for usd: 429 Client Error: Too Many Requests for url: https://api.coingecko.com/api/v3/simple/price?ids=ethereum&vs_currencies=usd
2024-07-02 20:41:02,494 - INFO - Retrying in 5 seconds...
2024-07-02 20:41:07,535 - ERROR - Failed to retrieve exchange rate for usd: 429 Client Error: Too Many Requests for url: https://api.coingecko.com/api/v3/simple/price?ids=ethereum&vs_currencies=usd
2024-07-02 20:41:07,536 - INFO - Retrying in 5 seconds...
2024-07-02 20:41:12,969 - ERROR - Failed to retrieve exchange rate for usd: 429 Client Error: Too Many Requests for url: https://api.coingecko.com/api/v3/simple/price?ids=ethereum&vs_currencies=usd
2024-07-02 20:41:12,970 - INFO - Retrying in 5 seconds...
2024-07-02 20:41:18,051 - INFO - Successfully retrieved exchange rate for usd: 3424.24
2024-07-02 20:41:43,330 - INFO - Successfully retrieved exchange rate for usd: 3424.24
2024-07-02 20:42:29,786 - INFO - Successfully retrieved exchange rate for usd: 3424.24
2024-07-02 20:42:41,609 - INFO - Successfully retrieved exchange rate for usd: 3424.24
2024-07-02 20:42:48,368 - INFO - Successfully retrieved exchange rate for usd: 3424.24
2024-07-02 20:42:49,818 - INFO - Successfully retrieved exchange rate for usd: 3424.24
2024-07-02 20:42:50,967 - INFO - Successfully retrieved exchange rate for usd: 3424.24
2024-07-02 20:42:52,123 - ERROR - Failed to retrieve exchange rate for usd: 429 Client Error: Too Many Requests for url: https://api.coingecko.com/api/v3/simple/price?ids=ethereum&vs_currencies=usd
2024-07-02 20:42:52,124 - INFO - Retrying in 5 seconds...
2024-07-02 20:42:57,165 - ERROR - Failed to retrieve exchange rate for usd: 429 Client Error: Too Many Requests for url: https://api.coingecko.com/api/v3/simple/price?ids=ethereum&vs_currencies=usd
2024-07-02 20:42:57,165 - INFO - Retrying in 5 seconds...
2024-07-02 20:43:02,563 - ERROR - Failed to retrieve exchange rate for usd: 429 Client Error: Too Many Requests for url: https://api.coingecko.com/api/v3/simple/price?ids=ethereum&vs_currencies=usd
2024-07-02 20:43:02,564 - INFO - Retrying in 5 seconds...
2024-07-02 20:43:07,623 - ERROR - Failed to retrieve exchange rate for usd: 429 Client Error: Too Many Requests for url: https://api.coingecko.com/api/v3/simple/price?ids=ethereum&vs_currencies=usd
2024-07-02 20:43:07,623 - INFO - Retrying in 5 seconds...
2024-07-02 20:43:12,669 - ERROR - Failed to retrieve exchange rate for usd: 429 Client Error: Too Many Requests for url: https://api.coingecko.com/api/v3/simple/price?ids=ethereum&vs_currencies=usd
2024-07-02 20:43:12,669 - INFO - Retrying in 5 seconds...
2024-07-02 20:43:17,737 - ERROR - Failed to retrieve exchange rate for usd: 429 Client Error: Too Many Requests for url: https://api.coingecko.com/api/v3/simple/price?ids=ethereum&vs_currencies=usd
2024-07-02 20:43:17,738 - INFO - Retrying in 5 seconds...
2024-07-02 20:43:22,793 - ERROR - Failed to retrieve exchange rate for usd: 429 Client Error: Too Many Requests for url: https://api.coingecko.com/api/v3/simple/price?ids=ethereum&vs_currencies=usd
2024-07-02 20:43:22,794 - INFO - Retrying in 5 seconds...
2024-07-02 20:43:27,825 - ERROR - Failed to retrieve exchange rate for usd: 429 Client Error: Too Many Requests for url: https://api.coingecko.com/api/v3/simple/price?ids=ethereum&vs_currencies=usd
2024-07-02 20:43:27,826 - INFO - Retrying in 5 seconds...
2024-07-02 20:43:32,866 - ERROR - Failed to retrieve exchange rate for usd: 429 Client Error: Too Many Requests for url: https://api.coingecko.com/api/v3/simple/price?ids=ethereum&vs_currencies=usd
2024-07-02 20:43:32,866 - INFO - Retrying in 5 seconds...
2024-07-02 20:43:37,906 - ERROR - Failed to retrieve exchange rate for usd: 429 Client Error: Too Many Requests for url: https://api.coingecko.com/api/v3/simple/price?ids=ethereum&vs_currencies=usd
2024-07-02 20:43:37,906 - INFO - Retrying in 5 seconds...
2024-07-02 20:43:42,940 - ERROR - Failed to retrieve exchange rate for usd: 429 Client Error: Too Many Requests for url: https://api.coingecko.com/api/v3/simple/price?ids=ethereum&vs_currencies=usd
2024-07-02 20:43:42,940 - INFO - Retrying in 5 seconds...
2024-07-02 20:44:02,475 - INFO - Successfully retrieved exchange rate for usd: 3424.58
2024-07-02 20:44:19,274 - INFO - Successfully retrieved exchange rate for usd: 3424.58
2024-07-02 20:44:21,024 - INFO - Successfully retrieved exchange rate for usd: 3424.58
2024-07-02 20:44:22,800 - INFO - Successfully retrieved exchange rate for usd: 3424.58
2024-07-02 20:44:25,457 - INFO - Successfully retrieved exchange rate for usd: 3424.58
2024-07-02 20:44:27,007 - ERROR - Failed to retrieve exchange rate for usd: 429 Client Error: Too Many Requests for url: https://api.coingecko.com/api/v3/simple/price?ids=ethereum&vs_currencies=usd
2024-07-02 20:44:27,007 - INFO - Retrying in 5 seconds...
2024-07-02 20:44:32,041 - ERROR - Failed to retrieve exchange rate for usd: 429 Client Error: Too Many Requests for url: https://api.coingecko.com/api/v3/simple/price?ids=ethereum&vs_currencies=usd
2024-07-02 20:44:32,041 - INFO - Retrying in 5 seconds...
2024-07-02 20:44:37,080 - ERROR - Failed to retrieve exchange rate for usd: 429 Client Error: Too Many Requests for url: https://api.coingecko.com/api/v3/simple/price?ids=ethereum&vs_currencies=usd
2024-07-02 20:44:37,080 - INFO - Retrying in 5 seconds...
2024-07-02 20:44:42,121 - ERROR - Failed to retrieve exchange rate for usd: 429 Client Error: Too Many Requests for url: https://api.coingecko.com/api/v3/simple/price?ids=ethereum&vs_currencies=usd
2024-07-02 20:44:42,121 - INFO - Retrying in 5 seconds...
2024-07-02 20:44:47,170 - ERROR - Failed to retrieve exchange rate for usd: 429 Client Error: Too Many Requests for url: https://api.coingecko.com/api/v3/simple/price?ids=ethereum&vs_currencies=usd
2024-07-02 20:44:47,170 - INFO - Retrying in 5 seconds...
2024-07-02 20:44:52,213 - ERROR - Failed to retrieve exchange rate for usd: 429 Client Error: Too Many Requests for url: https://api.coingecko.com/api/v3/simple/price?ids=ethereum&vs_currencies=usd
2024-07-02 20:44:52,214 - INFO - Retrying in 5 seconds...
2024-07-02 20:44:57,266 - ERROR - Failed to retrieve exchange rate for usd: 429 Client Error: Too Many Requests for url: https://api.coingecko.com/api/v3/simple/price?ids=ethereum&vs_currencies=usd
2024-07-02 20:44:57,266 - INFO - Retrying in 5 seconds...
2024-07-02 20:45:02,307 - ERROR - Failed to retrieve exchange rate for usd: 429 Client Error: Too Many Requests for url: https://api.coingecko.com/api/v3/simple/price?ids=ethereum&vs_currencies=usd
2024-07-02 20:45:02,307 - INFO - Retrying in 5 seconds...
2024-07-02 20:45:07,338 - ERROR - Failed to retrieve exchange rate for usd: 429 Client Error: Too Many Requests for url: https://api.coingecko.com/api/v3/simple/price?ids=ethereum&vs_currencies=usd
2024-07-02 20:45:07,338 - INFO - Retrying in 5 seconds...
2024-07-02 20:45:12,424 - ERROR - Failed to retrieve exchange rate for usd: 429 Client Error: Too Many Requests for url: https://api.coingecko.com/api/v3/simple/price?ids=ethereum&vs_currencies=usd
2024-07-02 20:45:12,425 - INFO - Retrying in 5 seconds...
2024-07-02 20:45:17,469 - ERROR - Failed to retrieve exchange rate for usd: 429 Client Error: Too Many Requests for url: https://api.coingecko.com/api/v3/simple/price?ids=ethereum&vs_currencies=usd
2024-07-02 20:45:17,470 - INFO - Retrying in 5 seconds...
2024-07-02 20:45:22,506 - ERROR - Failed to retrieve exchange rate for usd: 429 Client Error: Too Many Requests for url: https://api.coingecko.com/api/v3/simple/price?ids=ethereum&vs_currencies=usd
2024-07-02 20:45:22,507 - INFO - Retrying in 5 seconds...
2024-07-02 20:45:27,551 - INFO - Successfully retrieved exchange rate for usd: 3424.58
2024-07-03 06:50:11,908 - INFO - Successfully retrieved exchange rate for usd: 3307.79
2024-07-03 06:50:34,910 - INFO - Successfully retrieved exchange rate for usd: 3307.79
2024-07-03 06:50:37,345 - INFO - Successfully retrieved exchange rate for usd: 3307.79
2024-07-03 06:50:48,315 - INFO - Successfully retrieved exchange rate for usd: 3307.79
2024-07-03 06:50:49,636 - INFO - Successfully retrieved exchange rate for usd: 3307.79
2024-07-03 06:50:51,142 - ERROR - Failed to retrieve exchange rate for usd: 429 Client Error: Too Many Requests for url: https://api.coingecko.com/api/v3/simple/price?ids=ethereum&vs_currencies=usd
2024-07-03 06:50:51,142 - INFO - Retrying in 5 seconds...
2024-07-03 06:50:56,177 - ERROR - Failed to retrieve exchange rate for usd: 429 Client Error: Too Many Requests for url: https://api.coingecko.com/api/v3/simple/price?ids=ethereum&vs_currencies=usd
2024-07-03 06:50:56,177 - INFO - Retrying in 5 seconds...
2024-07-03 06:51:01,213 - ERROR - Failed to retrieve exchange rate for usd: 429 Client Error: Too Many Requests for url: https://api.coingecko.com/api/v3/simple/price?ids=ethereum&vs_currencies=usd
2024-07-03 06:51:01,214 - INFO - Retrying in 5 seconds...
2024-07-03 06:51:06,247 - ERROR - Failed to retrieve exchange rate for usd: 429 Client Error: Too Many Requests for url: https://api.coingecko.com/api/v3/simple/price?ids=ethereum&vs_currencies=usd
2024-07-03 06:51:06,247 - INFO - Retrying in 5 seconds...
2024-07-03 06:51:11,279 - ERROR - Failed to retrieve exchange rate for usd: 429 Client Error: Too Many Requests for url: https://api.coingecko.com/api/v3/simple/price?ids=ethereum&vs_currencies=usd
2024-07-03 06:51:11,280 - INFO - Retrying in 5 seconds...
2024-07-03 06:51:16,316 - ERROR - Failed to retrieve exchange rate for usd: 429 Client Error: Too Many Requests for url: https://api.coingecko.com/api/v3/simple/price?ids=ethereum&vs_currencies=usd
2024-07-03 06:51:16,316 - INFO - Retrying in 5 seconds...
2024-07-03 06:51:21,347 - ERROR - Failed to retrieve exchange rate for usd: 429 Client Error: Too Many Requests for url: https://api.coingecko.com/api/v3/simple/price?ids=ethereum&vs_currencies=usd
2024-07-03 06:51:21,347 - INFO - Retrying in 5 seconds...
2024-07-03 06:51:26,383 - ERROR - Failed to retrieve exchange rate for usd: 429 Client Error: Too Many Requests for url: https://api.coingecko.com/api/v3/simple/price?ids=ethereum&vs_currencies=usd
2024-07-03 06:51:26,384 - INFO - Retrying in 5 seconds...
2024-07-03 06:51:31,461 - ERROR - Failed to retrieve exchange rate for usd: 429 Client Error: Too Many Requests for url: https://api.coingecko.com/api/v3/simple/price?ids=ethereum&vs_currencies=usd
2024-07-03 06:51:31,461 - INFO - Retrying in 5 seconds...
2024-07-03 06:51:36,498 - ERROR - Failed to retrieve exchange rate for usd: 429 Client Error: Too Many Requests for url: https://api.coingecko.com/api/v3/simple/price?ids=ethereum&vs_currencies=usd
2024-07-03 06:51:36,498 - INFO - Retrying in 5 seconds...
2024-07-03 06:51:41,546 - ERROR - Failed to retrieve exchange rate for usd: 429 Client Error: Too Many Requests for url: https://api.coingecko.com/api/v3/simple/price?ids=ethereum&vs_currencies=usd
2024-07-03 06:51:41,546 - INFO - Retrying in 5 seconds...
2024-07-03 06:51:46,568 - ERROR - Failed to retrieve exchange rate for usd: 429 Client Error: Too Many Requests for url: https://api.coingecko.com/api/v3/simple/price?ids=ethereum&vs_currencies=usd
2024-07-03 06:51:46,569 - INFO - Retrying in 5 seconds...
2024-07-03 06:51:51,606 - INFO - Successfully retrieved exchange rate for usd: 3307.79
2024-07-03 06:54:28,342 - INFO - Successfully retrieved exchange rate for usd: 3307.79
2024-07-03 07:00:03,982 - INFO - Successfully retrieved exchange rate for usd: 3308.6
2024-07-03 07:00:04,017 - INFO - Successfully retrieved exchange rate for brl: 18788.68
2024-07-03 07:00:04,018 - INFO - USD Rate: 3308.6, BRL Rate: 18788.68
2024-07-03 07:03:04,054 - INFO - Successfully retrieved exchange rate for usd: 3308.6
2024-07-03 07:03:04,267 - INFO - Successfully retrieved exchange rate for brl: 18776.08
2024-07-03 07:03:04,268 - INFO - USD Rate: 3308.6, BRL Rate: 18776.08
2024-07-03 07:09:41,619 - INFO - Successfully retrieved exchange rate for usd: 3309.37
2024-07-03 07:09:41,802 - INFO - Successfully retrieved exchange rate for brl: 18767.69
2024-07-03 07:09:41,803 - INFO - USD Rate: 3309.37, BRL Rate: 18767.69
2024-07-03 07:12:41,847 - INFO - Successfully retrieved exchange rate for usd: 3302.22
2024-07-03 07:12:41,882 - INFO - Successfully retrieved exchange rate for brl: 18767.69
2024-07-03 07:12:41,883 - INFO - USD Rate: 3302.22, BRL Rate: 18767.69
2024-07-03 07:15:41,930 - INFO - Successfully retrieved exchange rate for usd: 3302.22
2024-07-03 07:15:41,976 - INFO - Successfully retrieved exchange rate for brl: 18737.9
2024-07-03 07:15:41,976 - INFO - USD Rate: 3302.22, BRL Rate: 18737.9
2024-07-03 07:18:42,019 - INFO - Successfully retrieved exchange rate for usd: 3305.28
2024-07-03 07:18:42,077 - INFO - Successfully retrieved exchange rate for brl: 18737.9
2024-07-03 07:18:42,078 - INFO - USD Rate: 3305.28, BRL Rate: 18737.9
2024-07-03 07:21:42,275 - INFO - Successfully retrieved exchange rate for usd: 3299.84
2024-07-03 07:21:42,315 - INFO - Successfully retrieved exchange rate for brl: 18723.5
2024-07-03 07:21:42,316 - INFO - USD Rate: 3299.84, BRL Rate: 18723.5
2024-07-03 07:24:42,362 - INFO - Successfully retrieved exchange rate for usd: 3299.84
2024-07-03 07:24:42,405 - INFO - Successfully retrieved exchange rate for brl: 18723.5
2024-07-03 07:24:42,405 - INFO - USD Rate: 3299.84, BRL Rate: 18723.5
2024-07-03 07:27:42,447 - INFO - Successfully retrieved exchange rate for usd: 3306.14
2024-07-03 07:27:42,490 - INFO - Successfully retrieved exchange rate for brl: 18766.43
2024-07-03 07:27:42,491 - INFO - USD Rate: 3306.14, BRL Rate: 18766.43
2024-07-03 07:30:42,569 - INFO - Successfully retrieved exchange rate for usd: 3306.14
2024-07-03 07:30:42,618 - INFO - Successfully retrieved exchange rate for brl: 18766.43
2024-07-03 07:30:42,618 - INFO - USD Rate: 3306.14, BRL Rate: 18766.43
2024-07-03 07:33:42,658 - INFO - Successfully retrieved exchange rate for usd: 3292.48
2024-07-03 07:33:42,693 - INFO - Successfully retrieved exchange rate for brl: 18690.74
2024-07-03 07:33:42,694 - INFO - USD Rate: 3292.48, BRL Rate: 18690.74
2024-07-03 07:36:42,749 - INFO - Successfully retrieved exchange rate for usd: 3292.48
2024-07-03 07:36:42,795 - INFO - Successfully retrieved exchange rate for brl: 18690.74
2024-07-03 07:36:42,795 - INFO - USD Rate: 3292.48, BRL Rate: 18690.74
2024-07-03 07:39:42,871 - INFO - Successfully retrieved exchange rate for usd: 3290.74
2024-07-03 07:39:42,917 - INFO - Successfully retrieved exchange rate for brl: 18667.53
2024-07-03 07:39:42,917 - INFO - USD Rate: 3290.74, BRL Rate: 18667.53
2024-07-03 07:42:42,967 - INFO - Successfully retrieved exchange rate for usd: 3293.88
2024-07-03 07:42:43,011 - INFO - Successfully retrieved exchange rate for brl: 18709.73
2024-07-03 07:42:43,012 - INFO - USD Rate: 3293.88, BRL Rate: 18709.73
2024-07-03 07:45:43,071 - INFO - Successfully retrieved exchange rate for usd: 3293.88
2024-07-03 07:45:43,118 - INFO - Successfully retrieved exchange rate for brl: 18709.73
2024-07-03 07:45:43,118 - INFO - USD Rate: 3293.88, BRL Rate: 18709.73
2024-07-03 07:48:43,168 - INFO - Successfully retrieved exchange rate for usd: 3298.19
2024-07-03 07:48:43,211 - INFO - Successfully retrieved exchange rate for brl: 18720.38
2024-07-03 07:48:43,211 - INFO - USD Rate: 3298.19, BRL Rate: 18720.38
2024-07-03 07:51:43,285 - INFO - Successfully retrieved exchange rate for usd: 3298.19
2024-07-03 07:51:43,326 - INFO - Successfully retrieved exchange rate for brl: 18720.38
2024-07-03 07:51:43,326 - INFO - USD Rate: 3298.19, BRL Rate: 18720.38
2024-07-03 07:54:43,384 - INFO - Successfully retrieved exchange rate for usd: 3303.61
2024-07-03 07:54:43,425 - INFO - Successfully retrieved exchange rate for brl: 18758.33
2024-07-03 07:54:43,425 - INFO - USD Rate: 3303.61, BRL Rate: 18758.33
2024-07-03 07:57:43,472 - INFO - Successfully retrieved exchange rate for usd: 3303.13
2024-07-03 07:57:43,510 - INFO - Successfully retrieved exchange rate for brl: 18758.33
2024-07-03 07:57:43,510 - INFO - USD Rate: 3303.13, BRL Rate: 18758.33
2024-07-03 08:00:43,559 - INFO - Successfully retrieved exchange rate for usd: 3303.13
2024-07-03 08:00:43,602 - INFO - Successfully retrieved exchange rate for brl: 18760.11
2024-07-03 08:00:43,602 - INFO - USD Rate: 3303.13, BRL Rate: 18760.11
2024-07-03 08:03:43,638 - INFO - Successfully retrieved exchange rate for usd: 3305.17
2024-07-03 08:03:43,672 - INFO - Successfully retrieved exchange rate for brl: 18760.11
2024-07-03 08:03:43,673 - INFO - USD Rate: 3305.17, BRL Rate: 18760.11
2024-07-03 08:06:43,718 - INFO - Successfully retrieved exchange rate for usd: 3305.17
2024-07-03 08:06:43,766 - INFO - Successfully retrieved exchange rate for brl: 18712.18
2024-07-03 08:06:43,768 - INFO - USD Rate: 3305.17, BRL Rate: 18712.18
2024-07-03 08:09:43,806 - INFO - Successfully retrieved exchange rate for usd: 3296.84
2024-07-03 08:09:43,846 - INFO - Successfully retrieved exchange rate for brl: 18712.18
2024-07-03 08:09:43,846 - INFO - USD Rate: 3296.84, BRL Rate: 18712.18
2024-07-03 08:12:43,888 - INFO - Successfully retrieved exchange rate for usd: 3294.58
2024-07-03 08:12:43,920 - INFO - Successfully retrieved exchange rate for brl: 18623.25
2024-07-03 08:12:43,921 - INFO - USD Rate: 3294.58, BRL Rate: 18623.25
2024-07-03 08:15:43,961 - INFO - Successfully retrieved exchange rate for usd: 3294.58
2024-07-03 08:15:44,009 - INFO - Successfully retrieved exchange rate for brl: 18623.25
2024-07-03 08:15:44,009 - INFO - USD Rate: 3294.58, BRL Rate: 18623.25
2024-07-03 08:18:44,086 - INFO - Successfully retrieved exchange rate for usd: 3290.62
2024-07-03 08:18:44,132 - INFO - Successfully retrieved exchange rate for brl: 18619.21
2024-07-03 08:18:44,133 - INFO - USD Rate: 3290.62, BRL Rate: 18619.21
2024-07-03 08:21:44,379 - INFO - Successfully retrieved exchange rate for usd: 3290.62
2024-07-03 08:21:44,421 - INFO - Successfully retrieved exchange rate for brl: 18619.21
2024-07-03 08:21:44,423 - INFO - USD Rate: 3290.62, BRL Rate: 18619.21
2024-07-03 08:24:44,455 - INFO - Successfully retrieved exchange rate for usd: 3295.43
2024-07-03 08:24:44,488 - INFO - Successfully retrieved exchange rate for brl: 18580.98
2024-07-03 08:24:44,489 - INFO - USD Rate: 3295.43, BRL Rate: 18580.98
2024-07-03 08:27:44,549 - INFO - Successfully retrieved exchange rate for usd: 3295.43
2024-07-03 08:27:44,584 - INFO - Successfully retrieved exchange rate for brl: 18580.98
2024-07-03 08:27:44,584 - INFO - USD Rate: 3295.43, BRL Rate: 18580.98
2024-07-03 08:30:44,630 - INFO - Successfully retrieved exchange rate for usd: 3294.99
2024-07-03 08:30:44,670 - INFO - Successfully retrieved exchange rate for brl: 18596.42
2024-07-03 08:30:44,672 - INFO - USD Rate: 3294.99, BRL Rate: 18596.42
2024-07-03 08:33:44,722 - INFO - Successfully retrieved exchange rate for usd: 3294.99
2024-07-03 08:33:44,766 - INFO - Successfully retrieved exchange rate for brl: 18596.42
2024-07-03 08:33:44,766 - INFO - USD Rate: 3294.99, BRL Rate: 18596.42
2024-07-03 08:36:44,815 - INFO - Successfully retrieved exchange rate for usd: 3292.6
2024-07-03 08:36:44,860 - INFO - Successfully retrieved exchange rate for brl: 18564.24
2024-07-03 08:36:44,861 - INFO - USD Rate: 3292.6, BRL Rate: 18564.24
2024-07-03 08:39:44,910 - INFO - Successfully retrieved exchange rate for usd: 3292.6
2024-07-03 08:39:44,951 - INFO - Successfully retrieved exchange rate for brl: 18506.93
2024-07-03 08:39:44,952 - INFO - USD Rate: 3292.6, BRL Rate: 18506.93
2024-07-03 08:42:44,997 - INFO - Successfully retrieved exchange rate for usd: 3285.65
2024-07-03 08:42:45,035 - INFO - Successfully retrieved exchange rate for brl: 18506.93
2024-07-03 08:42:45,036 - INFO - USD Rate: 3285.65, BRL Rate: 18506.93
2024-07-03 08:45:45,102 - INFO - Successfully retrieved exchange rate for usd: 3285.65
2024-07-03 08:45:45,144 - INFO - Successfully retrieved exchange rate for brl: 18481.44
2024-07-03 08:45:45,145 - INFO - USD Rate: 3285.65, BRL Rate: 18481.44
2024-07-03 08:48:45,189 - INFO - Successfully retrieved exchange rate for usd: 3281.02
2024-07-03 08:48:45,230 - INFO - Successfully retrieved exchange rate for brl: 18481.44
2024-07-03 08:48:45,231 - INFO - USD Rate: 3281.02, BRL Rate: 18481.44
2024-07-03 08:51:46,054 - INFO - Successfully retrieved exchange rate for usd: 3278.87
2024-07-03 08:51:46,104 - INFO - Successfully retrieved exchange rate for brl: 18454.59
2024-07-03 08:51:46,105 - INFO - USD Rate: 3278.87, BRL Rate: 18454.59
2024-07-03 08:54:46,155 - INFO - Successfully retrieved exchange rate for usd: 3278.87
2024-07-03 08:54:46,192 - INFO - Successfully retrieved exchange rate for brl: 18454.59
2024-07-03 08:54:46,193 - INFO - USD Rate: 3278.87, BRL Rate: 18454.59
2024-07-03 08:57:46,233 - INFO - Successfully retrieved exchange rate for usd: 3281.02
2024-07-03 08:57:46,273 - INFO - Successfully retrieved exchange rate for brl: 18450.44
2024-07-03 08:57:46,274 - INFO - USD Rate: 3281.02, BRL Rate: 18450.44
2024-07-03 09:00:46,322 - INFO - Successfully retrieved exchange rate for usd: 3281.02
2024-07-03 09:00:46,358 - INFO - Successfully retrieved exchange rate for brl: 18450.44
2024-07-03 09:00:46,359 - INFO - USD Rate: 3281.02, BRL Rate: 18450.44
2024-07-03 09:03:46,398 - INFO - Successfully retrieved exchange rate for usd: 3283.89
2024-07-03 09:03:46,451 - INFO - Successfully retrieved exchange rate for brl: 18477.21
2024-07-03 09:03:46,451 - INFO - USD Rate: 3283.89, BRL Rate: 18477.21
2024-07-03 09:06:46,490 - INFO - Successfully retrieved exchange rate for usd: 3283.89
2024-07-03 09:06:46,728 - INFO - Successfully retrieved exchange rate for brl: 18382.97
2024-07-03 09:06:46,729 - INFO - USD Rate: 3283.89, BRL Rate: 18382.97
2024-07-03 09:09:46,776 - INFO - Successfully retrieved exchange rate for usd: 3276.65
2024-07-03 09:09:46,816 - INFO - Successfully retrieved exchange rate for brl: 18382.97
2024-07-03 09:09:46,817 - INFO - USD Rate: 3276.65, BRL Rate: 18382.97
2024-07-03 09:12:46,995 - INFO - Successfully retrieved exchange rate for usd: 3277.15
2024-07-03 09:12:47,048 - INFO - Successfully retrieved exchange rate for brl: 18429.13
2024-07-03 09:12:47,049 - INFO - USD Rate: 3277.15, BRL Rate: 18429.13
2024-07-03 09:15:47,102 - INFO - Successfully retrieved exchange rate for usd: 3277.15
2024-07-03 09:15:47,150 - INFO - Successfully retrieved exchange rate for brl: 18429.13
2024-07-03 09:15:47,150 - INFO - USD Rate: 3277.15, BRL Rate: 18429.13
2024-07-03 09:18:47,191 - INFO - Successfully retrieved exchange rate for usd: 3300.78
2024-07-03 09:18:47,232 - INFO - Successfully retrieved exchange rate for brl: 18514.73
2024-07-03 09:18:47,232 - INFO - USD Rate: 3300.78, BRL Rate: 18514.73
2024-07-03 09:21:47,272 - INFO - Successfully retrieved exchange rate for usd: 3300.78
2024-07-03 09:21:47,311 - INFO - Successfully retrieved exchange rate for brl: 18514.73
2024-07-03 09:21:47,311 - INFO - USD Rate: 3300.78, BRL Rate: 18514.73
2024-07-03 09:24:47,362 - INFO - Successfully retrieved exchange rate for usd: 3302.29
2024-07-03 09:24:47,403 - INFO - Successfully retrieved exchange rate for brl: 18516.63
2024-07-03 09:24:47,404 - INFO - USD Rate: 3302.29, BRL Rate: 18516.63
2024-07-03 09:27:47,461 - INFO - Successfully retrieved exchange rate for usd: 3302.29
2024-07-03 09:27:47,502 - INFO - Successfully retrieved exchange rate for brl: 18516.63
2024-07-03 09:27:47,502 - INFO - USD Rate: 3302.29, BRL Rate: 18516.63
2024-07-03 09:30:47,548 - INFO - Successfully retrieved exchange rate for usd: 3301.27
2024-07-03 09:30:47,595 - INFO - Successfully retrieved exchange rate for brl: 18514.38
2024-07-03 09:30:47,596 - INFO - USD Rate: 3301.27, BRL Rate: 18514.38
2024-07-03 09:33:47,645 - INFO - Successfully retrieved exchange rate for usd: 3303.54
2024-07-03 09:33:47,692 - INFO - Successfully retrieved exchange rate for brl: 18514.38
2024-07-03 09:33:47,693 - INFO - USD Rate: 3303.54, BRL Rate: 18514.38
2024-07-03 09:36:47,740 - INFO - Successfully retrieved exchange rate for usd: 3303.54
2024-07-03 09:36:47,812 - INFO - Successfully retrieved exchange rate for brl: 18505.74
2024-07-03 09:36:47,812 - INFO - USD Rate: 3303.54, BRL Rate: 18505.74
2024-07-03 09:39:47,863 - INFO - Successfully retrieved exchange rate for usd: 3301.32
2024-07-03 09:39:47,906 - INFO - Successfully retrieved exchange rate for brl: 18505.74
2024-07-03 09:39:47,906 - INFO - USD Rate: 3301.32, BRL Rate: 18505.74
2024-07-03 09:42:47,948 - INFO - Successfully retrieved exchange rate for usd: 3301.32
2024-07-03 09:42:47,996 - INFO - Successfully retrieved exchange rate for brl: 18534.43
2024-07-03 09:42:47,997 - INFO - USD Rate: 3301.32, BRL Rate: 18534.43
2024-07-03 09:45:48,049 - INFO - Successfully retrieved exchange rate for usd: 3311.04
2024-07-03 09:45:48,105 - INFO - Successfully retrieved exchange rate for brl: 18534.43
2024-07-03 09:45:48,106 - INFO - USD Rate: 3311.04, BRL Rate: 18534.43
2024-07-03 09:48:48,298 - INFO - Successfully retrieved exchange rate for usd: 3307.57
2024-07-03 09:48:48,349 - INFO - Successfully retrieved exchange rate for brl: 18458.54
2024-07-03 09:48:48,350 - INFO - USD Rate: 3307.57, BRL Rate: 18458.54
2024-07-03 09:51:48,403 - INFO - Successfully retrieved exchange rate for usd: 3307.57
2024-07-03 09:51:48,441 - INFO - Successfully retrieved exchange rate for brl: 18446.49
2024-07-03 09:51:48,441 - INFO - USD Rate: 3307.57, BRL Rate: 18446.49
2024-07-03 09:54:48,689 - INFO - Successfully retrieved exchange rate for usd: 3305.41
2024-07-03 09:54:48,756 - INFO - Successfully retrieved exchange rate for brl: 18446.49
2024-07-03 09:54:48,756 - INFO - USD Rate: 3305.41, BRL Rate: 18446.49
2024-07-03 09:57:48,813 - INFO - Successfully retrieved exchange rate for usd: 3305.41
2024-07-03 09:57:48,860 - INFO - Successfully retrieved exchange rate for brl: 18519.32
2024-07-03 09:57:48,861 - INFO - USD Rate: 3305.41, BRL Rate: 18519.32
2024-07-03 10:00:48,903 - INFO - Successfully retrieved exchange rate for usd: 3312.62
2024-07-03 10:00:48,942 - INFO - Successfully retrieved exchange rate for brl: 18519.32
2024-07-03 10:00:48,943 - INFO - USD Rate: 3312.62, BRL Rate: 18519.32
2024-07-03 10:03:49,027 - INFO - Successfully retrieved exchange rate for usd: 3312.62
2024-07-03 10:03:49,068 - INFO - Successfully retrieved exchange rate for brl: 18513.36
2024-07-03 10:03:49,069 - INFO - USD Rate: 3312.62, BRL Rate: 18513.36
2024-07-03 10:06:49,133 - INFO - Successfully retrieved exchange rate for usd: 3312.45
2024-07-03 10:06:49,193 - INFO - Successfully retrieved exchange rate for brl: 18513.36
2024-07-03 10:06:49,193 - INFO - USD Rate: 3312.45, BRL Rate: 18513.36
2024-07-03 10:09:49,263 - INFO - Successfully retrieved exchange rate for usd: 3307.21
2024-07-03 10:09:49,309 - INFO - Successfully retrieved exchange rate for brl: 18452.16
2024-07-03 10:09:49,309 - INFO - USD Rate: 3307.21, BRL Rate: 18452.16
2024-07-03 10:12:49,367 - INFO - Successfully retrieved exchange rate for usd: 3307.21
2024-07-03 10:12:49,414 - INFO - Successfully retrieved exchange rate for brl: 18452.16
2024-07-03 10:12:49,415 - INFO - USD Rate: 3307.21, BRL Rate: 18452.16
2024-07-03 10:15:49,476 - INFO - Successfully retrieved exchange rate for usd: 3311.85
2024-07-03 10:15:49,520 - INFO - Successfully retrieved exchange rate for brl: 18449.98
2024-07-03 10:15:49,521 - INFO - USD Rate: 3311.85, BRL Rate: 18449.98
2024-07-03 10:18:49,573 - INFO - Successfully retrieved exchange rate for usd: 3311.85
2024-07-03 10:18:49,612 - INFO - Successfully retrieved exchange rate for brl: 18449.98
2024-07-03 10:18:49,612 - INFO - USD Rate: 3311.85, BRL Rate: 18449.98
2024-07-03 10:21:49,671 - INFO - Successfully retrieved exchange rate for usd: 3314.61
2024-07-03 10:21:49,713 - INFO - Successfully retrieved exchange rate for brl: 18518.77
2024-07-03 10:21:49,713 - INFO - USD Rate: 3314.61, BRL Rate: 18518.77
2024-07-03 10:24:49,773 - INFO - Successfully retrieved exchange rate for usd: 3314.61
2024-07-03 10:24:49,815 - INFO - Successfully retrieved exchange rate for brl: 18518.77
2024-07-03 10:24:49,816 - INFO - USD Rate: 3314.61, BRL Rate: 18518.77
2024-07-03 10:27:49,858 - INFO - Successfully retrieved exchange rate for usd: 3318.69
2024-07-03 10:27:49,896 - INFO - Successfully retrieved exchange rate for brl: 18536.09
2024-07-03 10:27:49,896 - INFO - USD Rate: 3318.69, BRL Rate: 18536.09
2024-07-03 10:30:49,945 - INFO - Successfully retrieved exchange rate for usd: 3320.68
2024-07-03 10:30:50,006 - INFO - Successfully retrieved exchange rate for brl: 18477.64
2024-07-03 10:30:50,007 - INFO - USD Rate: 3320.68, BRL Rate: 18477.64
2024-07-03 10:33:50,045 - INFO - Successfully retrieved exchange rate for usd: 3320.68
2024-07-03 10:33:50,090 - INFO - Successfully retrieved exchange rate for brl: 18477.64
2024-07-03 10:33:50,090 - INFO - USD Rate: 3320.68, BRL Rate: 18477.64
2024-07-03 10:36:50,140 - INFO - Successfully retrieved exchange rate for usd: 3311.44
2024-07-03 10:36:50,185 - INFO - Successfully retrieved exchange rate for brl: 18499.41
2024-07-03 10:36:50,186 - INFO - USD Rate: 3311.44, BRL Rate: 18499.41
2024-07-03 10:39:50,240 - INFO - Successfully retrieved exchange rate for usd: 3311.44
2024-07-03 10:39:50,308 - INFO - Successfully retrieved exchange rate for brl: 18499.41
2024-07-03 10:39:50,308 - INFO - USD Rate: 3311.44, BRL Rate: 18499.41
2024-07-03 10:42:50,363 - INFO - Successfully retrieved exchange rate for usd: 3313.75
2024-07-03 10:42:50,407 - INFO - Successfully retrieved exchange rate for brl: 18450.09
2024-07-03 10:42:50,408 - INFO - USD Rate: 3313.75, BRL Rate: 18450.09
2024-07-03 10:45:50,464 - INFO - Successfully retrieved exchange rate for usd: 3313.75
2024-07-03 10:45:50,519 - INFO - Successfully retrieved exchange rate for brl: 18450.09
2024-07-03 10:45:50,519 - INFO - USD Rate: 3313.75, BRL Rate: 18450.09
2024-07-03 10:48:50,583 - INFO - Successfully retrieved exchange rate for usd: 3308.6
2024-07-03 10:48:50,633 - INFO - Successfully retrieved exchange rate for brl: 18407.57
2024-07-03 10:48:50,634 - INFO - USD Rate: 3308.6, BRL Rate: 18407.57
2024-07-03 10:51:50,683 - INFO - Successfully retrieved exchange rate for usd: 3305.45
2024-07-03 10:51:50,730 - INFO - Successfully retrieved exchange rate for brl: 18407.57
2024-07-03 10:51:50,731 - INFO - USD Rate: 3305.45, BRL Rate: 18407.57
2024-07-03 10:54:50,790 - INFO - Successfully retrieved exchange rate for usd: 3305.45
2024-07-03 10:54:50,849 - INFO - Successfully retrieved exchange rate for brl: 18456.17
2024-07-03 10:54:50,849 - INFO - USD Rate: 3305.45, BRL Rate: 18456.17
2024-07-03 10:57:50,928 - INFO - Successfully retrieved exchange rate for usd: 3310.42
2024-07-03 10:57:50,974 - INFO - Successfully retrieved exchange rate for brl: 18456.17
2024-07-03 10:57:50,975 - INFO - USD Rate: 3310.42, BRL Rate: 18456.17
2024-07-03 11:00:51,034 - INFO - Successfully retrieved exchange rate for usd: 3310.42
2024-07-03 11:00:51,092 - INFO - Successfully retrieved exchange rate for brl: 18417.14
2024-07-03 11:00:51,092 - INFO - USD Rate: 3310.42, BRL Rate: 18417.14
2024-07-03 11:03:51,151 - INFO - Successfully retrieved exchange rate for usd: 3305.09
2024-07-03 11:03:51,190 - INFO - Successfully retrieved exchange rate for brl: 18406.87
2024-07-03 11:03:51,191 - INFO - USD Rate: 3305.09, BRL Rate: 18406.87
2024-07-03 11:06:51,241 - INFO - Successfully retrieved exchange rate for usd: 3303.89
2024-07-03 11:06:51,301 - INFO - Successfully retrieved exchange rate for brl: 18406.87
2024-07-03 11:06:51,301 - INFO - USD Rate: 3303.89, BRL Rate: 18406.87
2024-07-03 11:09:51,358 - INFO - Successfully retrieved exchange rate for usd: 3303.89
2024-07-03 11:09:51,450 - INFO - Successfully retrieved exchange rate for brl: 18378.77
2024-07-03 11:09:51,450 - INFO - USD Rate: 3303.89, BRL Rate: 18378.77
2024-07-03 11:12:51,512 - INFO - Successfully retrieved exchange rate for usd: 3293.22
2024-07-03 11:12:51,581 - INFO - Successfully retrieved exchange rate for brl: 18378.77
2024-07-03 11:12:51,581 - INFO - USD Rate: 3293.22, BRL Rate: 18378.77
2024-07-03 11:15:51,648 - INFO - Successfully retrieved exchange rate for usd: 3293.22
2024-07-03 11:15:51,693 - INFO - Successfully retrieved exchange rate for brl: 18496.93
2024-07-03 11:15:51,693 - INFO - USD Rate: 3293.22, BRL Rate: 18496.93
2024-07-03 11:18:51,749 - INFO - Successfully retrieved exchange rate for usd: 3295.0
2024-07-03 11:18:51,798 - INFO - Successfully retrieved exchange rate for brl: 18496.93
2024-07-03 11:18:51,799 - INFO - USD Rate: 3295.0, BRL Rate: 18496.93
2024-07-03 11:21:51,847 - INFO - Successfully retrieved exchange rate for usd: 3295.0
2024-07-03 11:21:51,887 - INFO - Successfully retrieved exchange rate for brl: 18466.42
2024-07-03 11:21:51,888 - INFO - USD Rate: 3295.0, BRL Rate: 18466.42
2024-07-03 11:24:51,936 - INFO - Successfully retrieved exchange rate for usd: 3304.46
2024-07-03 11:24:51,985 - INFO - Successfully retrieved exchange rate for brl: 18493.09
2024-07-03 11:24:51,986 - INFO - USD Rate: 3304.46, BRL Rate: 18493.09
2024-07-03 11:27:52,059 - INFO - Successfully retrieved exchange rate for usd: 3316.29
2024-07-03 11:27:52,102 - INFO - Successfully retrieved exchange rate for brl: 18493.09
2024-07-03 11:27:52,103 - INFO - USD Rate: 3316.29, BRL Rate: 18493.09
2024-07-03 11:30:52,149 - INFO - Successfully retrieved exchange rate for usd: 3316.29
2024-07-03 11:30:52,190 - INFO - Successfully retrieved exchange rate for brl: 18466.43
2024-07-03 11:30:52,191 - INFO - USD Rate: 3316.29, BRL Rate: 18466.43
2024-07-03 11:33:52,240 - INFO - Successfully retrieved exchange rate for usd: 3311.12
2024-07-03 11:33:52,289 - INFO - Successfully retrieved exchange rate for brl: 18466.43
2024-07-03 11:33:52,289 - INFO - USD Rate: 3311.12, BRL Rate: 18466.43
2024-07-03 11:36:52,328 - INFO - Successfully retrieved exchange rate for usd: 3311.12
2024-07-03 11:36:52,387 - INFO - Successfully retrieved exchange rate for brl: 18461.68
2024-07-03 11:36:52,387 - INFO - USD Rate: 3311.12, BRL Rate: 18461.68
2024-07-03 11:39:52,445 - INFO - Successfully retrieved exchange rate for usd: 3304.27
2024-07-03 11:39:52,501 - INFO - Successfully retrieved exchange rate for brl: 18461.68
2024-07-03 11:39:52,502 - INFO - USD Rate: 3304.27, BRL Rate: 18461.68
2024-07-03 11:42:52,683 - INFO - Successfully retrieved exchange rate for usd: 3301.46
2024-07-03 11:42:52,743 - INFO - Successfully retrieved exchange rate for brl: 18410.75
2024-07-03 11:42:52,744 - INFO - USD Rate: 3301.46, BRL Rate: 18410.75
2024-07-03 11:45:52,791 - INFO - Successfully retrieved exchange rate for usd: 3301.46
2024-07-03 11:45:52,857 - INFO - Successfully retrieved exchange rate for brl: 18410.75
2024-07-03 11:45:52,858 - INFO - USD Rate: 3301.46, BRL Rate: 18410.75
2024-07-03 11:48:52,898 - INFO - Successfully retrieved exchange rate for usd: 3300.22
2024-07-03 11:48:52,934 - INFO - Successfully retrieved exchange rate for brl: 18387.15
2024-07-03 11:48:52,935 - INFO - USD Rate: 3300.22, BRL Rate: 18387.15
2024-07-03 11:51:53,007 - INFO - Successfully retrieved exchange rate for usd: 3300.22
2024-07-03 11:51:53,107 - INFO - Successfully retrieved exchange rate for brl: 18387.15
2024-07-03 11:51:53,107 - INFO - USD Rate: 3300.22, BRL Rate: 18387.15
2024-07-03 11:54:53,150 - INFO - Successfully retrieved exchange rate for usd: 3294.07
2024-07-03 11:54:53,193 - INFO - Successfully retrieved exchange rate for brl: 18365.19
2024-07-03 11:54:53,193 - INFO - USD Rate: 3294.07, BRL Rate: 18365.19
2024-07-03 11:57:53,245 - INFO - Successfully retrieved exchange rate for usd: 3294.07
2024-07-03 11:57:53,291 - INFO - Successfully retrieved exchange rate for brl: 18365.19
2024-07-03 11:57:53,292 - INFO - USD Rate: 3294.07, BRL Rate: 18365.19
2024-07-03 12:00:53,342 - INFO - Successfully retrieved exchange rate for usd: 3297.22
2024-07-03 12:00:53,400 - INFO - Successfully retrieved exchange rate for brl: 18387.84
2024-07-03 12:00:53,401 - INFO - USD Rate: 3297.22, BRL Rate: 18387.84
2024-07-03 12:03:53,455 - INFO - Successfully retrieved exchange rate for usd: 3298.05
2024-07-03 12:03:53,503 - INFO - Successfully retrieved exchange rate for brl: 18387.84
2024-07-03 12:03:53,503 - INFO - USD Rate: 3298.05, BRL Rate: 18387.84
2024-07-03 12:06:53,548 - INFO - Successfully retrieved exchange rate for usd: 3298.05
2024-07-03 12:06:53,589 - INFO - Successfully retrieved exchange rate for brl: 18397.49
2024-07-03 12:06:53,589 - INFO - USD Rate: 3298.05, BRL Rate: 18397.49
2024-07-03 12:09:53,646 - INFO - Successfully retrieved exchange rate for usd: 3298.53
2024-07-03 12:09:53,683 - INFO - Successfully retrieved exchange rate for brl: 18399.25
2024-07-03 12:09:53,683 - INFO - USD Rate: 3298.53, BRL Rate: 18399.25
2024-07-03 12:12:53,732 - INFO - Successfully retrieved exchange rate for usd: 3298.53
2024-07-03 12:12:53,786 - INFO - Successfully retrieved exchange rate for brl: 18399.25
2024-07-03 12:12:53,787 - INFO - USD Rate: 3298.53, BRL Rate: 18399.25
2024-07-03 12:15:53,829 - INFO - Successfully retrieved exchange rate for usd: 3300.32
2024-07-03 12:15:53,876 - INFO - Successfully retrieved exchange rate for brl: 18408.0
2024-07-03 12:15:53,877 - INFO - USD Rate: 3300.32, BRL Rate: 18408.0
2024-07-03 12:18:53,937 - INFO - Successfully retrieved exchange rate for usd: 3301.3
2024-07-03 12:18:53,990 - INFO - Successfully retrieved exchange rate for brl: 18408.0
2024-07-03 12:18:53,991 - INFO - USD Rate: 3301.3, BRL Rate: 18408.0
2024-07-03 12:21:54,041 - INFO - Successfully retrieved exchange rate for usd: 3301.3
2024-07-03 12:21:54,080 - INFO - Successfully retrieved exchange rate for brl: 18404.8
2024-07-03 12:21:54,080 - INFO - USD Rate: 3301.3, BRL Rate: 18404.8
